{"/Users/knowre/Desktop/Yunmin/notepad-vue/server_graphql/server.js": {"path":"/Users/knowre/Desktop/Yunmin/notepad-vue/server_graphql/server.js","statementMap":{"0":{"start":{"line":1,"column":16},"end":{"line":1,"column":34}},"1":{"start":{"line":2,"column":23},"end":{"line":2,"column":55}},"2":{"start":{"line":3,"column":12},"end":{"line":3,"column":21}},"3":{"start":{"line":4,"column":16},"end":{"line":4,"column":56}},"4":{"start":{"line":5,"column":18},"end":{"line":5,"column":60}},"5":{"start":{"line":6,"column":14},"end":{"line":6,"column":51}},"6":{"start":{"line":7,"column":17},"end":{"line":7,"column":57}},"7":{"start":{"line":8,"column":21},"end":{"line":8,"column":45}},"8":{"start":{"line":10,"column":19},"end":{"line":13,"column":1}},"9":{"start":{"line":14,"column":0},"end":{"line":14,"column":24}},"10":{"start":{"line":16,"column":17},"end":{"line":21,"column":1}},"11":{"start":{"line":23,"column":18},"end":{"line":26,"column":1}},"12":{"start":{"line":28,"column":15},"end":{"line":37,"column":2}},"13":{"start":{"line":33,"column":8},"end":{"line":35,"column":9}},"14":{"start":{"line":39,"column":0},"end":{"line":42,"column":2}},"15":{"start":{"line":44,"column":0},"end":{"line":46,"column":2}},"16":{"start":{"line":45,"column":4},"end":{"line":45,"column":33}},"17":{"start":{"line":48,"column":0},"end":{"line":48,"column":23}}},"fnMap":{"0":{"name":"(anonymous_0)","decl":{"start":{"line":32,"column":13},"end":{"line":32,"column":14}},"loc":{"start":{"line":32,"column":29},"end":{"line":36,"column":5}},"line":32},"1":{"name":"(anonymous_1)","decl":{"start":{"line":44,"column":17},"end":{"line":44,"column":18}},"loc":{"start":{"line":44,"column":23},"end":{"line":46,"column":1}},"line":44}},"branchMap":{},"s":{"0":1,"1":1,"2":1,"3":1,"4":1,"5":1,"6":1,"7":1,"8":1,"9":1,"10":1,"11":1,"12":1,"13":2,"14":1,"15":1,"16":1,"17":1},"f":{"0":2,"1":1},"b":{},"_coverageSchema":"1a1c01bbd47fc00a2c39e90264f33305004495a9","hash":"4308505cd131b682403309159ca384a50681831e"}
,"/Users/knowre/Desktop/Yunmin/notepad-vue/server_graphql/__test__/test_setup.js": {"path":"/Users/knowre/Desktop/Yunmin/notepad-vue/server_graphql/__test__/test_setup.js","statementMap":{"0":{"start":{"line":1,"column":11},"end":{"line":1,"column":31}},"1":{"start":{"line":2,"column":23},"end":{"line":2,"column":55}},"2":{"start":{"line":3,"column":29},"end":{"line":3,"column":61}},"3":{"start":{"line":4,"column":15},"end":{"line":4,"column":35}},"4":{"start":{"line":5,"column":24},"end":{"line":5,"column":48}},"5":{"start":{"line":6,"column":38},"end":{"line":6,"column":64}},"6":{"start":{"line":8,"column":0},"end":{"line":10,"column":1}}},"fnMap":{},"branchMap":{},"s":{"0":1,"1":1,"2":1,"3":1,"4":1,"5":1,"6":1},"f":{},"b":{},"_coverageSchema":"1a1c01bbd47fc00a2c39e90264f33305004495a9","hash":"b8b5b09a3f6c797ba0488a3cca76b9545cfd4ef3"}
,"/Users/knowre/Desktop/Yunmin/notepad-vue/server_graphql/models/index.js": {"path":"/Users/knowre/Desktop/Yunmin/notepad-vue/server_graphql/models/index.js","statementMap":{"0":{"start":{"line":1,"column":18},"end":{"line":1,"column":38}},"1":{"start":{"line":3,"column":12},"end":{"line":3,"column":49}},"2":{"start":{"line":5,"column":18},"end":{"line":8,"column":2}},"3":{"start":{"line":10,"column":11},"end":{"line":10,"column":13}},"4":{"start":{"line":12,"column":0},"end":{"line":12,"column":25}},"5":{"start":{"line":13,"column":0},"end":{"line":13,"column":25}},"6":{"start":{"line":15,"column":0},"end":{"line":15,"column":50}},"7":{"start":{"line":16,"column":0},"end":{"line":16,"column":66}},"8":{"start":{"line":17,"column":0},"end":{"line":17,"column":56}},"9":{"start":{"line":19,"column":0},"end":{"line":19,"column":74}},"10":{"start":{"line":20,"column":0},"end":{"line":20,"column":70}},"11":{"start":{"line":22,"column":0},"end":{"line":22,"column":20}}},"fnMap":{},"branchMap":{"0":{"loc":{"start":{"line":3,"column":12},"end":{"line":3,"column":49}},"type":"binary-expr","locations":[{"start":{"line":3,"column":12},"end":{"line":3,"column":32}},{"start":{"line":3,"column":36},"end":{"line":3,"column":49}}],"line":3}},"s":{"0":1,"1":1,"2":1,"3":1,"4":1,"5":1,"6":1,"7":1,"8":1,"9":1,"10":1,"11":1},"f":{},"b":{"0":[1,0]},"_coverageSchema":"1a1c01bbd47fc00a2c39e90264f33305004495a9","hash":"b62811f4c8e92f057146e83bd23f8ecb3b19dafa"}
,"/Users/knowre/Desktop/Yunmin/notepad-vue/server_graphql/models/notepad.js": {"path":"/Users/knowre/Desktop/Yunmin/notepad-vue/server_graphql/models/notepad.js","statementMap":{"0":{"start":{"line":1,"column":0},"end":{"line":29,"column":1}},"1":{"start":{"line":2,"column":4},"end":{"line":28,"column":6}}},"fnMap":{"0":{"name":"(anonymous_0)","decl":{"start":{"line":1,"column":17},"end":{"line":1,"column":18}},"loc":{"start":{"line":1,"column":43},"end":{"line":29,"column":1}},"line":1}},"branchMap":{},"s":{"0":1,"1":1},"f":{"0":1},"b":{},"_coverageSchema":"1a1c01bbd47fc00a2c39e90264f33305004495a9","hash":"252d68d0e85f8b9a58b382a5e1b861bf345675f2"}
,"/Users/knowre/Desktop/Yunmin/notepad-vue/server_graphql/models/user.js": {"path":"/Users/knowre/Desktop/Yunmin/notepad-vue/server_graphql/models/user.js","statementMap":{"0":{"start":{"line":1,"column":0},"end":{"line":23,"column":1}},"1":{"start":{"line":2,"column":4},"end":{"line":22,"column":7}}},"fnMap":{"0":{"name":"(anonymous_0)","decl":{"start":{"line":1,"column":17},"end":{"line":1,"column":18}},"loc":{"start":{"line":1,"column":43},"end":{"line":23,"column":1}},"line":1}},"branchMap":{},"s":{"0":1,"1":1},"f":{"0":1},"b":{},"_coverageSchema":"1a1c01bbd47fc00a2c39e90264f33305004495a9","hash":"e77736204eeeb9e347b932a23a8696c02976886d"}
,"/Users/knowre/Desktop/Yunmin/notepad-vue/server_graphql/models/user_session.js": {"path":"/Users/knowre/Desktop/Yunmin/notepad-vue/server_graphql/models/user_session.js","statementMap":{"0":{"start":{"line":1,"column":0},"end":{"line":19,"column":1}},"1":{"start":{"line":2,"column":4},"end":{"line":18,"column":7}}},"fnMap":{"0":{"name":"(anonymous_0)","decl":{"start":{"line":1,"column":17},"end":{"line":1,"column":18}},"loc":{"start":{"line":1,"column":43},"end":{"line":19,"column":1}},"line":1}},"branchMap":{},"s":{"0":1,"1":1},"f":{"0":1},"b":{},"_coverageSchema":"1a1c01bbd47fc00a2c39e90264f33305004495a9","hash":"89e62c98b3d035fb797970eaa9b00f1761517f88"}
,"/Users/knowre/Desktop/Yunmin/notepad-vue/server_graphql/typedefs-resolvers/_mutations.js": {"path":"/Users/knowre/Desktop/Yunmin/notepad-vue/server_graphql/typedefs-resolvers/_mutations.js","statementMap":{"0":{"start":{"line":1,"column":14},"end":{"line":1,"column":38}},"1":{"start":{"line":3,"column":17},"end":{"line":22,"column":1}},"2":{"start":{"line":23,"column":0},"end":{"line":23,"column":25}}},"fnMap":{},"branchMap":{},"s":{"0":1,"1":1,"2":1},"f":{},"b":{},"_coverageSchema":"1a1c01bbd47fc00a2c39e90264f33305004495a9","hash":"40dbf17416ab47163c1f5ae26c2c40f0ba68dcae"}
,"/Users/knowre/Desktop/Yunmin/notepad-vue/server_graphql/typedefs-resolvers/_queries.js": {"path":"/Users/knowre/Desktop/Yunmin/notepad-vue/server_graphql/typedefs-resolvers/_queries.js","statementMap":{"0":{"start":{"line":1,"column":14},"end":{"line":1,"column":38}},"1":{"start":{"line":3,"column":17},"end":{"line":22,"column":1}},"2":{"start":{"line":24,"column":0},"end":{"line":24,"column":25}}},"fnMap":{},"branchMap":{},"s":{"0":1,"1":1,"2":1},"f":{},"b":{},"_coverageSchema":"1a1c01bbd47fc00a2c39e90264f33305004495a9","hash":"cf93ce19953a549611edf49b7dcd9b4a0c4ef052"}
,"/Users/knowre/Desktop/Yunmin/notepad-vue/server_graphql/typedefs-resolvers/notepads.js": {"path":"/Users/knowre/Desktop/Yunmin/notepad-vue/server_graphql/typedefs-resolvers/notepads.js","statementMap":{"0":{"start":{"line":1,"column":14},"end":{"line":1,"column":38}},"1":{"start":{"line":2,"column":11},"end":{"line":2,"column":31}},"2":{"start":{"line":3,"column":12},"end":{"line":3,"column":35}},"3":{"start":{"line":4,"column":13},"end":{"line":4,"column":33}},"4":{"start":{"line":6,"column":19},"end":{"line":6,"column":41}},"5":{"start":{"line":8,"column":17},"end":{"line":21,"column":1}},"6":{"start":{"line":24,"column":19},"end":{"line":24,"column":48}},"7":{"start":{"line":25,"column":4},"end":{"line":27,"column":5}},"8":{"start":{"line":26,"column":8},"end":{"line":26,"column":20}},"9":{"start":{"line":28,"column":4},"end":{"line":28,"column":18}},"10":{"start":{"line":31,"column":18},"end":{"line":158,"column":1}},"11":{"start":{"line":34,"column":31},"end":{"line":34,"column":38}},"12":{"start":{"line":35,"column":27},"end":{"line":35,"column":82}},"13":{"start":{"line":37,"column":12},"end":{"line":37,"column":43}},"14":{"start":{"line":37,"column":28},"end":{"line":37,"column":43}},"15":{"start":{"line":39,"column":42},"end":{"line":41,"column":14}},"16":{"start":{"line":43,"column":38},"end":{"line":45,"column":14}},"17":{"start":{"line":47,"column":12},"end":{"line":49,"column":13}},"18":{"start":{"line":48,"column":16},"end":{"line":48,"column":64}},"19":{"start":{"line":51,"column":27},"end":{"line":55,"column":13}},"20":{"start":{"line":57,"column":12},"end":{"line":64,"column":13}},"21":{"start":{"line":58,"column":16},"end":{"line":63,"column":19}},"22":{"start":{"line":65,"column":12},"end":{"line":68,"column":13}},"23":{"start":{"line":72,"column":31},"end":{"line":72,"column":38}},"24":{"start":{"line":73,"column":27},"end":{"line":73,"column":82}},"25":{"start":{"line":74,"column":12},"end":{"line":74,"column":65}},"26":{"start":{"line":74,"column":33},"end":{"line":74,"column":65}},"27":{"start":{"line":76,"column":12},"end":{"line":83,"column":13}},"28":{"start":{"line":77,"column":42},"end":{"line":79,"column":18}},"29":{"start":{"line":80,"column":16},"end":{"line":80,"column":52}},"30":{"start":{"line":82,"column":16},"end":{"line":82,"column":48}},"31":{"start":{"line":90,"column":31},"end":{"line":90,"column":38}},"32":{"start":{"line":91,"column":27},"end":{"line":91,"column":82}},"33":{"start":{"line":92,"column":12},"end":{"line":92,"column":81}},"34":{"start":{"line":92,"column":68},"end":{"line":92,"column":81}},"35":{"start":{"line":94,"column":38},"end":{"line":98,"column":13}},"36":{"start":{"line":100,"column":38},"end":{"line":100,"column":98}},"37":{"start":{"line":102,"column":12},"end":{"line":102,"column":43}},"38":{"start":{"line":103,"column":12},"end":{"line":116,"column":13}},"39":{"start":{"line":104,"column":16},"end":{"line":108,"column":18}},"40":{"start":{"line":110,"column":16},"end":{"line":115,"column":18}},"41":{"start":{"line":118,"column":33},"end":{"line":123,"column":13}},"42":{"start":{"line":125,"column":12},"end":{"line":130,"column":14}},"43":{"start":{"line":132,"column":12},"end":{"line":132,"column":24}},"44":{"start":{"line":136,"column":31},"end":{"line":136,"column":38}},"45":{"start":{"line":137,"column":27},"end":{"line":137,"column":82}},"46":{"start":{"line":138,"column":12},"end":{"line":138,"column":46}},"47":{"start":{"line":138,"column":33},"end":{"line":138,"column":46}},"48":{"start":{"line":139,"column":12},"end":{"line":139,"column":42}},"49":{"start":{"line":141,"column":12},"end":{"line":149,"column":14}},"50":{"start":{"line":150,"column":12},"end":{"line":153,"column":46}},"51":{"start":{"line":155,"column":12},"end":{"line":155,"column":24}},"52":{"start":{"line":160,"column":0},"end":{"line":163,"column":1}}},"fnMap":{"0":{"name":"tokenDecode","decl":{"start":{"line":23,"column":9},"end":{"line":23,"column":20}},"loc":{"start":{"line":23,"column":28},"end":{"line":29,"column":1}},"line":23},"1":{"name":"(anonymous_1)","decl":{"start":{"line":33,"column":19},"end":{"line":33,"column":20}},"loc":{"start":{"line":33,"column":52},"end":{"line":70,"column":9}},"line":33},"2":{"name":"(anonymous_2)","decl":{"start":{"line":71,"column":21},"end":{"line":71,"column":22}},"loc":{"start":{"line":71,"column":54},"end":{"line":86,"column":9}},"line":71},"3":{"name":"(anonymous_3)","decl":{"start":{"line":89,"column":21},"end":{"line":89,"column":22}},"loc":{"start":{"line":89,"column":54},"end":{"line":133,"column":9}},"line":89},"4":{"name":"(anonymous_4)","decl":{"start":{"line":135,"column":23},"end":{"line":135,"column":24}},"loc":{"start":{"line":135,"column":56},"end":{"line":156,"column":9}},"line":135}},"branchMap":{"0":{"loc":{"start":{"line":25,"column":4},"end":{"line":27,"column":5}},"type":"if","locations":[{"start":{"line":25,"column":4},"end":{"line":27,"column":5}},{"start":{"line":25,"column":4},"end":{"line":27,"column":5}}],"line":25},"1":{"loc":{"start":{"line":37,"column":12},"end":{"line":37,"column":43}},"type":"if","locations":[{"start":{"line":37,"column":12},"end":{"line":37,"column":43}},{"start":{"line":37,"column":12},"end":{"line":37,"column":43}}],"line":37},"2":{"loc":{"start":{"line":47,"column":12},"end":{"line":49,"column":13}},"type":"if","locations":[{"start":{"line":47,"column":12},"end":{"line":49,"column":13}},{"start":{"line":47,"column":12},"end":{"line":49,"column":13}}],"line":47},"3":{"loc":{"start":{"line":47,"column":16},"end":{"line":47,"column":76}},"type":"binary-expr","locations":[{"start":{"line":47,"column":16},"end":{"line":47,"column":46}},{"start":{"line":47,"column":50},"end":{"line":47,"column":76}}],"line":47},"4":{"loc":{"start":{"line":74,"column":12},"end":{"line":74,"column":65}},"type":"if","locations":[{"start":{"line":74,"column":12},"end":{"line":74,"column":65}},{"start":{"line":74,"column":12},"end":{"line":74,"column":65}}],"line":74},"5":{"loc":{"start":{"line":92,"column":12},"end":{"line":92,"column":81}},"type":"if","locations":[{"start":{"line":92,"column":12},"end":{"line":92,"column":81}},{"start":{"line":92,"column":12},"end":{"line":92,"column":81}}],"line":92},"6":{"loc":{"start":{"line":92,"column":16},"end":{"line":92,"column":66}},"type":"binary-expr","locations":[{"start":{"line":92,"column":16},"end":{"line":92,"column":31}},{"start":{"line":92,"column":35},"end":{"line":92,"column":66}}],"line":92},"7":{"loc":{"start":{"line":103,"column":12},"end":{"line":116,"column":13}},"type":"if","locations":[{"start":{"line":103,"column":12},"end":{"line":116,"column":13}},{"start":{"line":103,"column":12},"end":{"line":116,"column":13}}],"line":103},"8":{"loc":{"start":{"line":138,"column":12},"end":{"line":138,"column":46}},"type":"if","locations":[{"start":{"line":138,"column":12},"end":{"line":138,"column":46}},{"start":{"line":138,"column":12},"end":{"line":138,"column":46}}],"line":138}},"s":{"0":1,"1":1,"2":1,"3":1,"4":1,"5":1,"6":0,"7":0,"8":0,"9":0,"10":1,"11":0,"12":0,"13":0,"14":0,"15":0,"16":0,"17":0,"18":0,"19":0,"20":0,"21":0,"22":0,"23":0,"24":0,"25":0,"26":0,"27":0,"28":0,"29":0,"30":0,"31":0,"32":0,"33":0,"34":0,"35":0,"36":0,"37":0,"38":0,"39":0,"40":0,"41":0,"42":0,"43":0,"44":0,"45":0,"46":0,"47":0,"48":0,"49":0,"50":0,"51":0,"52":1},"f":{"0":0,"1":0,"2":0,"3":0,"4":0},"b":{"0":[0,0],"1":[0,0],"2":[0,0],"3":[0,0],"4":[0,0],"5":[0,0],"6":[0,0],"7":[0,0],"8":[0,0]},"_coverageSchema":"1a1c01bbd47fc00a2c39e90264f33305004495a9","hash":"77cf7552b2ec71a0fa45702e3c790a904d48eefc"}
,"/Users/knowre/Desktop/Yunmin/notepad-vue/server_graphql/typedefs-resolvers/users.js": {"path":"/Users/knowre/Desktop/Yunmin/notepad-vue/server_graphql/typedefs-resolvers/users.js","statementMap":{"0":{"start":{"line":1,"column":14},"end":{"line":1,"column":46}},"1":{"start":{"line":2,"column":11},"end":{"line":2,"column":31}},"2":{"start":{"line":3,"column":18},"end":{"line":3,"column":43}},"3":{"start":{"line":4,"column":15},"end":{"line":4,"column":32}},"4":{"start":{"line":5,"column":12},"end":{"line":5,"column":35}},"5":{"start":{"line":6,"column":0},"end":{"line":6,"column":26}},"6":{"start":{"line":8,"column":19},"end":{"line":8,"column":41}},"7":{"start":{"line":10,"column":17},"end":{"line":22,"column":1}},"8":{"start":{"line":24,"column":18},"end":{"line":74,"column":1}},"9":{"start":{"line":27,"column":12},"end":{"line":27,"column":39}},"10":{"start":{"line":28,"column":12},"end":{"line":38,"column":13}},"11":{"start":{"line":29,"column":31},"end":{"line":29,"column":74}},"12":{"start":{"line":30,"column":16},"end":{"line":34,"column":17}},"13":{"start":{"line":31,"column":20},"end":{"line":33,"column":21}},"14":{"start":{"line":32,"column":24},"end":{"line":32,"column":37}},"15":{"start":{"line":35,"column":16},"end":{"line":35,"column":28}},"16":{"start":{"line":37,"column":16},"end":{"line":37,"column":26}},"17":{"start":{"line":41,"column":12},"end":{"line":41,"column":35}},"18":{"start":{"line":42,"column":27},"end":{"line":42,"column":102}},"19":{"start":{"line":43,"column":34},"end":{"line":43,"column":58}},"20":{"start":{"line":44,"column":12},"end":{"line":53,"column":13}},"21":{"start":{"line":45,"column":28},"end":{"line":45,"column":71}},"22":{"start":{"line":46,"column":16},"end":{"line":52,"column":17}},"23":{"start":{"line":47,"column":20},"end":{"line":51,"column":23}},"24":{"start":{"line":54,"column":12},"end":{"line":54,"column":27}},"25":{"start":{"line":59,"column":12},"end":{"line":59,"column":34}},"26":{"start":{"line":60,"column":25},"end":{"line":60,"column":72}},"27":{"start":{"line":61,"column":34},"end":{"line":61,"column":64}},"28":{"start":{"line":62,"column":24},"end":{"line":62,"column":62}},"29":{"start":{"line":63,"column":12},"end":{"line":70,"column":13}},"30":{"start":{"line":64,"column":16},"end":{"line":69,"column":18}},"31":{"start":{"line":71,"column":12},"end":{"line":71,"column":24}},"32":{"start":{"line":76,"column":0},"end":{"line":79,"column":1}}},"fnMap":{"0":{"name":"(anonymous_0)","decl":{"start":{"line":26,"column":17},"end":{"line":26,"column":18}},"loc":{"start":{"line":26,"column":41},"end":{"line":39,"column":9}},"line":26},"1":{"name":"(anonymous_1)","decl":{"start":{"line":40,"column":15},"end":{"line":40,"column":16}},"loc":{"start":{"line":40,"column":39},"end":{"line":55,"column":9}},"line":40},"2":{"name":"(anonymous_2)","decl":{"start":{"line":58,"column":20},"end":{"line":58,"column":21}},"loc":{"start":{"line":58,"column":44},"end":{"line":72,"column":9}},"line":58}},"branchMap":{"0":{"loc":{"start":{"line":31,"column":20},"end":{"line":33,"column":21}},"type":"if","locations":[{"start":{"line":31,"column":20},"end":{"line":33,"column":21}},{"start":{"line":31,"column":20},"end":{"line":33,"column":21}}],"line":31},"1":{"loc":{"start":{"line":46,"column":16},"end":{"line":52,"column":17}},"type":"if","locations":[{"start":{"line":46,"column":16},"end":{"line":52,"column":17}},{"start":{"line":46,"column":16},"end":{"line":52,"column":17}}],"line":46},"2":{"loc":{"start":{"line":46,"column":20},"end":{"line":46,"column":90}},"type":"binary-expr","locations":[{"start":{"line":46,"column":20},"end":{"line":46,"column":23}},{"start":{"line":46,"column":27},"end":{"line":46,"column":46}},{"start":{"line":46,"column":50},"end":{"line":46,"column":90}}],"line":46},"3":{"loc":{"start":{"line":63,"column":12},"end":{"line":70,"column":13}},"type":"if","locations":[{"start":{"line":63,"column":12},"end":{"line":70,"column":13}},{"start":{"line":63,"column":12},"end":{"line":70,"column":13}}],"line":63}},"s":{"0":1,"1":1,"2":1,"3":1,"4":1,"5":1,"6":1,"7":1,"8":1,"9":0,"10":0,"11":0,"12":0,"13":0,"14":0,"15":0,"16":0,"17":0,"18":0,"19":0,"20":0,"21":0,"22":0,"23":0,"24":0,"25":0,"26":0,"27":0,"28":0,"29":0,"30":0,"31":0,"32":1},"f":{"0":0,"1":0,"2":0},"b":{"0":[0,0],"1":[0,0],"2":[0,0,0],"3":[0,0]},"_coverageSchema":"1a1c01bbd47fc00a2c39e90264f33305004495a9","hash":"afb268932284664a47308078d17e2a595feef919"}
}
