{"/Users/knowre/Desktop/Yunmin/notepad-vue/server_graphql/server.js": {"path":"/Users/knowre/Desktop/Yunmin/notepad-vue/server_graphql/server.js","statementMap":{"0":{"start":{"line":1,"column":16},"end":{"line":1,"column":34}},"1":{"start":{"line":2,"column":23},"end":{"line":2,"column":55}},"2":{"start":{"line":3,"column":12},"end":{"line":3,"column":21}},"3":{"start":{"line":4,"column":16},"end":{"line":4,"column":56}},"4":{"start":{"line":5,"column":18},"end":{"line":5,"column":60}},"5":{"start":{"line":6,"column":14},"end":{"line":6,"column":51}},"6":{"start":{"line":7,"column":17},"end":{"line":7,"column":57}},"7":{"start":{"line":8,"column":21},"end":{"line":8,"column":45}},"8":{"start":{"line":9,"column":13},"end":{"line":9,"column":17}},"9":{"start":{"line":11,"column":19},"end":{"line":14,"column":1}},"10":{"start":{"line":15,"column":0},"end":{"line":15,"column":24}},"11":{"start":{"line":17,"column":17},"end":{"line":22,"column":1}},"12":{"start":{"line":24,"column":18},"end":{"line":27,"column":1}},"13":{"start":{"line":29,"column":19},"end":{"line":39,"column":2}},"14":{"start":{"line":33,"column":31},"end":{"line":33,"column":49}},"15":{"start":{"line":34,"column":8},"end":{"line":34,"column":73}},"16":{"start":{"line":35,"column":8},"end":{"line":37,"column":9}},"17":{"start":{"line":41,"column":15},"end":{"line":49,"column":2}},"18":{"start":{"line":45,"column":8},"end":{"line":47,"column":9}},"19":{"start":{"line":51,"column":0},"end":{"line":54,"column":2}},"20":{"start":{"line":56,"column":16},"end":{"line":58,"column":2}},"21":{"start":{"line":57,"column":4},"end":{"line":57,"column":32}},"22":{"start":{"line":60,"column":19},"end":{"line":62,"column":1}},"23":{"start":{"line":61,"column":4},"end":{"line":61,"column":20}},"24":{"start":{"line":64,"column":0},"end":{"line":64,"column":54}}},"fnMap":{"0":{"name":"(anonymous_0)","decl":{"start":{"line":32,"column":13},"end":{"line":32,"column":14}},"loc":{"start":{"line":32,"column":19},"end":{"line":38,"column":5}},"line":32},"1":{"name":"(anonymous_1)","decl":{"start":{"line":44,"column":13},"end":{"line":44,"column":14}},"loc":{"start":{"line":44,"column":24},"end":{"line":48,"column":5}},"line":44},"2":{"name":"(anonymous_2)","decl":{"start":{"line":56,"column":33},"end":{"line":56,"column":34}},"loc":{"start":{"line":56,"column":39},"end":{"line":58,"column":1}},"line":56},"3":{"name":"(anonymous_3)","decl":{"start":{"line":60,"column":19},"end":{"line":60,"column":20}},"loc":{"start":{"line":60,"column":25},"end":{"line":62,"column":1}},"line":60}},"branchMap":{},"s":{"0":2,"1":2,"2":2,"3":2,"4":2,"5":2,"6":2,"7":2,"8":2,"9":2,"10":2,"11":2,"12":2,"13":2,"14":6,"15":6,"16":6,"17":2,"18":0,"19":2,"20":2,"21":1,"22":2,"23":1,"24":2},"f":{"0":6,"1":0,"2":1,"3":1},"b":{},"_coverageSchema":"1a1c01bbd47fc00a2c39e90264f33305004495a9","hash":"955f3f557d93533e2e6065191bc47960b22eefe8"}
,"/Users/knowre/Desktop/Yunmin/notepad-vue/server_graphql/__test__/test_setup.js": {"path":"/Users/knowre/Desktop/Yunmin/notepad-vue/server_graphql/__test__/test_setup.js","statementMap":{"0":{"start":{"line":1,"column":11},"end":{"line":1,"column":31}},"1":{"start":{"line":2,"column":23},"end":{"line":2,"column":55}},"2":{"start":{"line":3,"column":29},"end":{"line":3,"column":61}},"3":{"start":{"line":4,"column":15},"end":{"line":4,"column":35}},"4":{"start":{"line":5,"column":24},"end":{"line":5,"column":59}},"5":{"start":{"line":6,"column":38},"end":{"line":6,"column":64}},"6":{"start":{"line":8,"column":25},"end":{"line":12,"column":1}},"7":{"start":{"line":9,"column":4},"end":{"line":9,"column":24}},"8":{"start":{"line":10,"column":4},"end":{"line":10,"column":31}},"9":{"start":{"line":11,"column":4},"end":{"line":11,"column":25}},"10":{"start":{"line":14,"column":0},"end":{"line":16,"column":1}}},"fnMap":{"0":{"name":"(anonymous_0)","decl":{"start":{"line":8,"column":25},"end":{"line":8,"column":26}},"loc":{"start":{"line":8,"column":37},"end":{"line":12,"column":1}},"line":8}},"branchMap":{},"s":{"0":2,"1":2,"2":2,"3":2,"4":2,"5":2,"6":2,"7":1,"8":1,"9":1,"10":2},"f":{"0":1},"b":{},"_coverageSchema":"1a1c01bbd47fc00a2c39e90264f33305004495a9","hash":"235aa5a757f90e5d4d1b4e7fac0270bc66da0557"}
,"/Users/knowre/Desktop/Yunmin/notepad-vue/server_graphql/models/index.js": {"path":"/Users/knowre/Desktop/Yunmin/notepad-vue/server_graphql/models/index.js","statementMap":{"0":{"start":{"line":1,"column":18},"end":{"line":1,"column":38}},"1":{"start":{"line":3,"column":12},"end":{"line":3,"column":49}},"2":{"start":{"line":5,"column":18},"end":{"line":8,"column":2}},"3":{"start":{"line":10,"column":11},"end":{"line":10,"column":13}},"4":{"start":{"line":12,"column":0},"end":{"line":12,"column":25}},"5":{"start":{"line":13,"column":0},"end":{"line":13,"column":25}},"6":{"start":{"line":15,"column":0},"end":{"line":15,"column":50}},"7":{"start":{"line":16,"column":0},"end":{"line":16,"column":66}},"8":{"start":{"line":17,"column":0},"end":{"line":17,"column":56}},"9":{"start":{"line":19,"column":0},"end":{"line":19,"column":74}},"10":{"start":{"line":20,"column":0},"end":{"line":20,"column":70}},"11":{"start":{"line":22,"column":0},"end":{"line":22,"column":20}}},"fnMap":{},"branchMap":{"0":{"loc":{"start":{"line":3,"column":12},"end":{"line":3,"column":49}},"type":"binary-expr","locations":[{"start":{"line":3,"column":12},"end":{"line":3,"column":32}},{"start":{"line":3,"column":36},"end":{"line":3,"column":49}}],"line":3}},"s":{"0":2,"1":2,"2":2,"3":2,"4":2,"5":2,"6":2,"7":2,"8":2,"9":2,"10":2,"11":2},"f":{},"b":{"0":[2,0]},"_coverageSchema":"1a1c01bbd47fc00a2c39e90264f33305004495a9","hash":"b62811f4c8e92f057146e83bd23f8ecb3b19dafa"}
,"/Users/knowre/Desktop/Yunmin/notepad-vue/server_graphql/models/notepad.js": {"path":"/Users/knowre/Desktop/Yunmin/notepad-vue/server_graphql/models/notepad.js","statementMap":{"0":{"start":{"line":1,"column":0},"end":{"line":29,"column":1}},"1":{"start":{"line":2,"column":4},"end":{"line":28,"column":6}}},"fnMap":{"0":{"name":"(anonymous_0)","decl":{"start":{"line":1,"column":17},"end":{"line":1,"column":18}},"loc":{"start":{"line":1,"column":43},"end":{"line":29,"column":1}},"line":1}},"branchMap":{},"s":{"0":2,"1":2},"f":{"0":2},"b":{},"_coverageSchema":"1a1c01bbd47fc00a2c39e90264f33305004495a9","hash":"252d68d0e85f8b9a58b382a5e1b861bf345675f2"}
,"/Users/knowre/Desktop/Yunmin/notepad-vue/server_graphql/models/user.js": {"path":"/Users/knowre/Desktop/Yunmin/notepad-vue/server_graphql/models/user.js","statementMap":{"0":{"start":{"line":1,"column":0},"end":{"line":23,"column":1}},"1":{"start":{"line":2,"column":4},"end":{"line":22,"column":7}}},"fnMap":{"0":{"name":"(anonymous_0)","decl":{"start":{"line":1,"column":17},"end":{"line":1,"column":18}},"loc":{"start":{"line":1,"column":43},"end":{"line":23,"column":1}},"line":1}},"branchMap":{},"s":{"0":2,"1":2},"f":{"0":2},"b":{},"_coverageSchema":"1a1c01bbd47fc00a2c39e90264f33305004495a9","hash":"e77736204eeeb9e347b932a23a8696c02976886d"}
,"/Users/knowre/Desktop/Yunmin/notepad-vue/server_graphql/models/user_session.js": {"path":"/Users/knowre/Desktop/Yunmin/notepad-vue/server_graphql/models/user_session.js","statementMap":{"0":{"start":{"line":1,"column":0},"end":{"line":19,"column":1}},"1":{"start":{"line":2,"column":4},"end":{"line":18,"column":7}}},"fnMap":{"0":{"name":"(anonymous_0)","decl":{"start":{"line":1,"column":17},"end":{"line":1,"column":18}},"loc":{"start":{"line":1,"column":43},"end":{"line":19,"column":1}},"line":1}},"branchMap":{},"s":{"0":2,"1":2},"f":{"0":2},"b":{},"_coverageSchema":"1a1c01bbd47fc00a2c39e90264f33305004495a9","hash":"89e62c98b3d035fb797970eaa9b00f1761517f88"}
,"/Users/knowre/Desktop/Yunmin/notepad-vue/server_graphql/typedefs-resolvers/_mutations.js": {"path":"/Users/knowre/Desktop/Yunmin/notepad-vue/server_graphql/typedefs-resolvers/_mutations.js","statementMap":{"0":{"start":{"line":1,"column":14},"end":{"line":1,"column":38}},"1":{"start":{"line":3,"column":17},"end":{"line":22,"column":1}},"2":{"start":{"line":23,"column":0},"end":{"line":23,"column":25}}},"fnMap":{},"branchMap":{},"s":{"0":2,"1":2,"2":2},"f":{},"b":{},"_coverageSchema":"1a1c01bbd47fc00a2c39e90264f33305004495a9","hash":"40dbf17416ab47163c1f5ae26c2c40f0ba68dcae"}
,"/Users/knowre/Desktop/Yunmin/notepad-vue/server_graphql/typedefs-resolvers/_queries.js": {"path":"/Users/knowre/Desktop/Yunmin/notepad-vue/server_graphql/typedefs-resolvers/_queries.js","statementMap":{"0":{"start":{"line":1,"column":14},"end":{"line":1,"column":38}},"1":{"start":{"line":3,"column":17},"end":{"line":22,"column":1}},"2":{"start":{"line":24,"column":0},"end":{"line":24,"column":25}}},"fnMap":{},"branchMap":{},"s":{"0":2,"1":2,"2":2},"f":{},"b":{},"_coverageSchema":"1a1c01bbd47fc00a2c39e90264f33305004495a9","hash":"cf93ce19953a549611edf49b7dcd9b4a0c4ef052"}
,"/Users/knowre/Desktop/Yunmin/notepad-vue/server_graphql/typedefs-resolvers/notepads.js": {"path":"/Users/knowre/Desktop/Yunmin/notepad-vue/server_graphql/typedefs-resolvers/notepads.js","statementMap":{"0":{"start":{"line":1,"column":14},"end":{"line":1,"column":38}},"1":{"start":{"line":2,"column":11},"end":{"line":2,"column":31}},"2":{"start":{"line":3,"column":12},"end":{"line":3,"column":35}},"3":{"start":{"line":4,"column":13},"end":{"line":4,"column":33}},"4":{"start":{"line":6,"column":19},"end":{"line":6,"column":41}},"5":{"start":{"line":8,"column":17},"end":{"line":21,"column":1}},"6":{"start":{"line":24,"column":19},"end":{"line":24,"column":48}},"7":{"start":{"line":25,"column":4},"end":{"line":27,"column":5}},"8":{"start":{"line":26,"column":8},"end":{"line":26,"column":20}},"9":{"start":{"line":28,"column":4},"end":{"line":28,"column":18}},"10":{"start":{"line":31,"column":18},"end":{"line":156,"column":1}},"11":{"start":{"line":34,"column":26},"end":{"line":34,"column":33}},"12":{"start":{"line":35,"column":27},"end":{"line":35,"column":82}},"13":{"start":{"line":37,"column":12},"end":{"line":37,"column":43}},"14":{"start":{"line":37,"column":28},"end":{"line":37,"column":43}},"15":{"start":{"line":39,"column":42},"end":{"line":41,"column":14}},"16":{"start":{"line":43,"column":38},"end":{"line":45,"column":14}},"17":{"start":{"line":47,"column":12},"end":{"line":49,"column":13}},"18":{"start":{"line":48,"column":16},"end":{"line":48,"column":64}},"19":{"start":{"line":51,"column":27},"end":{"line":55,"column":13}},"20":{"start":{"line":57,"column":12},"end":{"line":64,"column":13}},"21":{"start":{"line":58,"column":16},"end":{"line":63,"column":19}},"22":{"start":{"line":65,"column":12},"end":{"line":68,"column":13}},"23":{"start":{"line":72,"column":26},"end":{"line":72,"column":33}},"24":{"start":{"line":73,"column":27},"end":{"line":73,"column":82}},"25":{"start":{"line":74,"column":12},"end":{"line":74,"column":65}},"26":{"start":{"line":74,"column":33},"end":{"line":74,"column":65}},"27":{"start":{"line":76,"column":12},"end":{"line":83,"column":13}},"28":{"start":{"line":77,"column":42},"end":{"line":79,"column":18}},"29":{"start":{"line":80,"column":16},"end":{"line":80,"column":52}},"30":{"start":{"line":82,"column":16},"end":{"line":82,"column":48}},"31":{"start":{"line":88,"column":26},"end":{"line":88,"column":33}},"32":{"start":{"line":89,"column":27},"end":{"line":89,"column":82}},"33":{"start":{"line":90,"column":12},"end":{"line":90,"column":81}},"34":{"start":{"line":90,"column":68},"end":{"line":90,"column":81}},"35":{"start":{"line":92,"column":38},"end":{"line":96,"column":13}},"36":{"start":{"line":98,"column":38},"end":{"line":98,"column":98}},"37":{"start":{"line":100,"column":12},"end":{"line":100,"column":43}},"38":{"start":{"line":101,"column":12},"end":{"line":114,"column":13}},"39":{"start":{"line":102,"column":16},"end":{"line":106,"column":18}},"40":{"start":{"line":108,"column":16},"end":{"line":113,"column":18}},"41":{"start":{"line":116,"column":33},"end":{"line":121,"column":13}},"42":{"start":{"line":123,"column":12},"end":{"line":128,"column":14}},"43":{"start":{"line":130,"column":12},"end":{"line":130,"column":24}},"44":{"start":{"line":134,"column":26},"end":{"line":134,"column":33}},"45":{"start":{"line":135,"column":27},"end":{"line":135,"column":82}},"46":{"start":{"line":136,"column":12},"end":{"line":136,"column":46}},"47":{"start":{"line":136,"column":33},"end":{"line":136,"column":46}},"48":{"start":{"line":137,"column":12},"end":{"line":137,"column":42}},"49":{"start":{"line":139,"column":12},"end":{"line":147,"column":14}},"50":{"start":{"line":148,"column":12},"end":{"line":151,"column":46}},"51":{"start":{"line":153,"column":12},"end":{"line":153,"column":24}},"52":{"start":{"line":158,"column":0},"end":{"line":161,"column":1}}},"fnMap":{"0":{"name":"tokenDecode","decl":{"start":{"line":23,"column":9},"end":{"line":23,"column":20}},"loc":{"start":{"line":23,"column":28},"end":{"line":29,"column":1}},"line":23},"1":{"name":"(anonymous_1)","decl":{"start":{"line":33,"column":19},"end":{"line":33,"column":20}},"loc":{"start":{"line":33,"column":52},"end":{"line":70,"column":9}},"line":33},"2":{"name":"(anonymous_2)","decl":{"start":{"line":71,"column":21},"end":{"line":71,"column":22}},"loc":{"start":{"line":71,"column":54},"end":{"line":84,"column":9}},"line":71},"3":{"name":"(anonymous_3)","decl":{"start":{"line":87,"column":21},"end":{"line":87,"column":22}},"loc":{"start":{"line":87,"column":54},"end":{"line":131,"column":9}},"line":87},"4":{"name":"(anonymous_4)","decl":{"start":{"line":133,"column":23},"end":{"line":133,"column":24}},"loc":{"start":{"line":133,"column":56},"end":{"line":154,"column":9}},"line":133}},"branchMap":{"0":{"loc":{"start":{"line":25,"column":4},"end":{"line":27,"column":5}},"type":"if","locations":[{"start":{"line":25,"column":4},"end":{"line":27,"column":5}},{"start":{"line":25,"column":4},"end":{"line":27,"column":5}}],"line":25},"1":{"loc":{"start":{"line":37,"column":12},"end":{"line":37,"column":43}},"type":"if","locations":[{"start":{"line":37,"column":12},"end":{"line":37,"column":43}},{"start":{"line":37,"column":12},"end":{"line":37,"column":43}}],"line":37},"2":{"loc":{"start":{"line":47,"column":12},"end":{"line":49,"column":13}},"type":"if","locations":[{"start":{"line":47,"column":12},"end":{"line":49,"column":13}},{"start":{"line":47,"column":12},"end":{"line":49,"column":13}}],"line":47},"3":{"loc":{"start":{"line":47,"column":16},"end":{"line":47,"column":76}},"type":"binary-expr","locations":[{"start":{"line":47,"column":16},"end":{"line":47,"column":46}},{"start":{"line":47,"column":50},"end":{"line":47,"column":76}}],"line":47},"4":{"loc":{"start":{"line":74,"column":12},"end":{"line":74,"column":65}},"type":"if","locations":[{"start":{"line":74,"column":12},"end":{"line":74,"column":65}},{"start":{"line":74,"column":12},"end":{"line":74,"column":65}}],"line":74},"5":{"loc":{"start":{"line":90,"column":12},"end":{"line":90,"column":81}},"type":"if","locations":[{"start":{"line":90,"column":12},"end":{"line":90,"column":81}},{"start":{"line":90,"column":12},"end":{"line":90,"column":81}}],"line":90},"6":{"loc":{"start":{"line":90,"column":16},"end":{"line":90,"column":66}},"type":"binary-expr","locations":[{"start":{"line":90,"column":16},"end":{"line":90,"column":31}},{"start":{"line":90,"column":35},"end":{"line":90,"column":66}}],"line":90},"7":{"loc":{"start":{"line":101,"column":12},"end":{"line":114,"column":13}},"type":"if","locations":[{"start":{"line":101,"column":12},"end":{"line":114,"column":13}},{"start":{"line":101,"column":12},"end":{"line":114,"column":13}}],"line":101},"8":{"loc":{"start":{"line":136,"column":12},"end":{"line":136,"column":46}},"type":"if","locations":[{"start":{"line":136,"column":12},"end":{"line":136,"column":46}},{"start":{"line":136,"column":12},"end":{"line":136,"column":46}}],"line":136}},"s":{"0":2,"1":2,"2":2,"3":2,"4":2,"5":2,"6":3,"7":3,"8":0,"9":3,"10":2,"11":1,"12":1,"13":1,"14":0,"15":1,"16":1,"17":1,"18":0,"19":1,"20":1,"21":11,"22":1,"23":1,"24":1,"25":1,"26":0,"27":1,"28":1,"29":1,"30":0,"31":1,"32":1,"33":1,"34":0,"35":1,"36":1,"37":1,"38":1,"39":0,"40":1,"41":1,"42":1,"43":1,"44":0,"45":0,"46":0,"47":0,"48":0,"49":0,"50":0,"51":0,"52":2},"f":{"0":3,"1":1,"2":1,"3":1,"4":0},"b":{"0":[0,3],"1":[0,1],"2":[0,1],"3":[1,1],"4":[0,1],"5":[0,1],"6":[1,1],"7":[0,1],"8":[0,0]},"_coverageSchema":"1a1c01bbd47fc00a2c39e90264f33305004495a9","hash":"374efbafba85be7f1c678fa54578cb7975d38399"}
,"/Users/knowre/Desktop/Yunmin/notepad-vue/server_graphql/typedefs-resolvers/users.js": {"path":"/Users/knowre/Desktop/Yunmin/notepad-vue/server_graphql/typedefs-resolvers/users.js","statementMap":{"0":{"start":{"line":1,"column":14},"end":{"line":1,"column":46}},"1":{"start":{"line":2,"column":11},"end":{"line":2,"column":31}},"2":{"start":{"line":3,"column":18},"end":{"line":3,"column":43}},"3":{"start":{"line":4,"column":15},"end":{"line":4,"column":32}},"4":{"start":{"line":5,"column":12},"end":{"line":5,"column":35}},"5":{"start":{"line":6,"column":0},"end":{"line":6,"column":27}},"6":{"start":{"line":8,"column":19},"end":{"line":8,"column":41}},"7":{"start":{"line":10,"column":17},"end":{"line":22,"column":1}},"8":{"start":{"line":24,"column":18},"end":{"line":69,"column":1}},"9":{"start":{"line":27,"column":12},"end":{"line":37,"column":13}},"10":{"start":{"line":28,"column":31},"end":{"line":28,"column":74}},"11":{"start":{"line":29,"column":16},"end":{"line":33,"column":17}},"12":{"start":{"line":30,"column":20},"end":{"line":32,"column":21}},"13":{"start":{"line":31,"column":24},"end":{"line":31,"column":37}},"14":{"start":{"line":34,"column":16},"end":{"line":34,"column":28}},"15":{"start":{"line":36,"column":16},"end":{"line":36,"column":26}},"16":{"start":{"line":40,"column":27},"end":{"line":40,"column":102}},"17":{"start":{"line":41,"column":34},"end":{"line":41,"column":58}},"18":{"start":{"line":42,"column":12},"end":{"line":49,"column":13}},"19":{"start":{"line":43,"column":28},"end":{"line":43,"column":71}},"20":{"start":{"line":44,"column":16},"end":{"line":48,"column":17}},"21":{"start":{"line":45,"column":34},"end":{"line":45,"column":68}},"22":{"start":{"line":46,"column":20},"end":{"line":46,"column":51}},"23":{"start":{"line":47,"column":20},"end":{"line":47,"column":33}},"24":{"start":{"line":50,"column":12},"end":{"line":50,"column":27}},"25":{"start":{"line":55,"column":25},"end":{"line":55,"column":72}},"26":{"start":{"line":56,"column":34},"end":{"line":56,"column":64}},"27":{"start":{"line":57,"column":24},"end":{"line":57,"column":62}},"28":{"start":{"line":58,"column":12},"end":{"line":65,"column":13}},"29":{"start":{"line":59,"column":16},"end":{"line":64,"column":44}},"30":{"start":{"line":64,"column":30},"end":{"line":64,"column":42}},"31":{"start":{"line":66,"column":12},"end":{"line":66,"column":24}},"32":{"start":{"line":71,"column":0},"end":{"line":74,"column":1}}},"fnMap":{"0":{"name":"(anonymous_0)","decl":{"start":{"line":26,"column":17},"end":{"line":26,"column":18}},"loc":{"start":{"line":26,"column":41},"end":{"line":38,"column":9}},"line":26},"1":{"name":"(anonymous_1)","decl":{"start":{"line":39,"column":15},"end":{"line":39,"column":16}},"loc":{"start":{"line":39,"column":39},"end":{"line":51,"column":9}},"line":39},"2":{"name":"(anonymous_2)","decl":{"start":{"line":54,"column":20},"end":{"line":54,"column":21}},"loc":{"start":{"line":54,"column":44},"end":{"line":67,"column":9}},"line":54},"3":{"name":"(anonymous_3)","decl":{"start":{"line":64,"column":25},"end":{"line":64,"column":26}},"loc":{"start":{"line":64,"column":29},"end":{"line":64,"column":43}},"line":64}},"branchMap":{"0":{"loc":{"start":{"line":30,"column":20},"end":{"line":32,"column":21}},"type":"if","locations":[{"start":{"line":30,"column":20},"end":{"line":32,"column":21}},{"start":{"line":30,"column":20},"end":{"line":32,"column":21}}],"line":30},"1":{"loc":{"start":{"line":44,"column":16},"end":{"line":48,"column":17}},"type":"if","locations":[{"start":{"line":44,"column":16},"end":{"line":48,"column":17}},{"start":{"line":44,"column":16},"end":{"line":48,"column":17}}],"line":44},"2":{"loc":{"start":{"line":44,"column":20},"end":{"line":44,"column":90}},"type":"binary-expr","locations":[{"start":{"line":44,"column":20},"end":{"line":44,"column":23}},{"start":{"line":44,"column":27},"end":{"line":44,"column":46}},{"start":{"line":44,"column":50},"end":{"line":44,"column":90}}],"line":44},"3":{"loc":{"start":{"line":58,"column":12},"end":{"line":65,"column":13}},"type":"if","locations":[{"start":{"line":58,"column":12},"end":{"line":65,"column":13}},{"start":{"line":58,"column":12},"end":{"line":65,"column":13}}],"line":58}},"s":{"0":2,"1":2,"2":2,"3":2,"4":2,"5":2,"6":2,"7":2,"8":2,"9":1,"10":1,"11":1,"12":2,"13":1,"14":0,"15":0,"16":1,"17":1,"18":1,"19":2,"20":2,"21":1,"22":1,"23":1,"24":0,"25":1,"26":1,"27":1,"28":1,"29":1,"30":1,"31":1,"32":2},"f":{"0":1,"1":1,"2":1,"3":1},"b":{"0":[1,1],"1":[1,1],"2":[2,2,1],"3":[1,0]},"_coverageSchema":"1a1c01bbd47fc00a2c39e90264f33305004495a9","hash":"10ca32241c135f2e9fb2fd59d9dad5ab2087d913"}
}
