TN:
SF:server.js
FN:32,(anonymous_0)
FN:44,(anonymous_1)
FN:56,(anonymous_2)
FN:60,(anonymous_3)
FNF:4
FNH:3
FNDA:6,(anonymous_0)
FNDA:0,(anonymous_1)
FNDA:1,(anonymous_2)
FNDA:1,(anonymous_3)
DA:1,2
DA:2,2
DA:3,2
DA:4,2
DA:5,2
DA:6,2
DA:7,2
DA:8,2
DA:9,2
DA:11,2
DA:15,2
DA:17,2
DA:24,2
DA:29,2
DA:33,6
DA:34,6
DA:35,6
DA:41,2
DA:45,0
DA:51,2
DA:56,2
DA:57,1
DA:60,2
DA:61,1
DA:64,2
LF:25
LH:24
BRF:0
BRH:0
end_of_record
TN:
SF:__test__/test_setup.js
FN:8,(anonymous_0)
FNF:1
FNH:1
FNDA:1,(anonymous_0)
DA:1,2
DA:2,2
DA:3,2
DA:4,2
DA:5,2
DA:6,2
DA:8,2
DA:9,1
DA:10,1
DA:11,1
DA:14,2
LF:11
LH:11
BRF:0
BRH:0
end_of_record
TN:
SF:models/index.js
FNF:0
FNH:0
DA:1,2
DA:3,2
DA:5,2
DA:10,2
DA:12,2
DA:13,2
DA:15,2
DA:16,2
DA:17,2
DA:19,2
DA:20,2
DA:22,2
LF:12
LH:12
BRDA:3,0,0,2
BRDA:3,0,1,0
BRF:2
BRH:1
end_of_record
TN:
SF:models/notepad.js
FN:1,(anonymous_0)
FNF:1
FNH:1
FNDA:2,(anonymous_0)
DA:1,2
DA:2,2
LF:2
LH:2
BRF:0
BRH:0
end_of_record
TN:
SF:models/user.js
FN:1,(anonymous_0)
FNF:1
FNH:1
FNDA:2,(anonymous_0)
DA:1,2
DA:2,2
LF:2
LH:2
BRF:0
BRH:0
end_of_record
TN:
SF:models/user_session.js
FN:1,(anonymous_0)
FNF:1
FNH:1
FNDA:2,(anonymous_0)
DA:1,2
DA:2,2
LF:2
LH:2
BRF:0
BRH:0
end_of_record
TN:
SF:typedefs-resolvers/_mutations.js
FNF:0
FNH:0
DA:1,2
DA:3,2
DA:23,2
LF:3
LH:3
BRF:0
BRH:0
end_of_record
TN:
SF:typedefs-resolvers/_queries.js
FNF:0
FNH:0
DA:1,2
DA:3,2
DA:24,2
LF:3
LH:3
BRF:0
BRH:0
end_of_record
TN:
SF:typedefs-resolvers/notepads.js
FN:23,tokenDecode
FN:33,(anonymous_1)
FN:71,(anonymous_2)
FN:87,(anonymous_3)
FN:133,(anonymous_4)
FNF:5
FNH:4
FNDA:3,tokenDecode
FNDA:1,(anonymous_1)
FNDA:1,(anonymous_2)
FNDA:1,(anonymous_3)
FNDA:0,(anonymous_4)
DA:1,2
DA:2,2
DA:3,2
DA:4,2
DA:6,2
DA:8,2
DA:24,3
DA:25,3
DA:26,0
DA:28,3
DA:31,2
DA:34,1
DA:35,1
DA:37,1
DA:39,1
DA:43,1
DA:47,1
DA:48,0
DA:51,1
DA:57,1
DA:58,11
DA:65,1
DA:72,1
DA:73,1
DA:74,1
DA:76,1
DA:77,1
DA:80,1
DA:82,0
DA:88,1
DA:89,1
DA:90,1
DA:92,1
DA:98,1
DA:100,1
DA:101,1
DA:102,0
DA:108,1
DA:116,1
DA:123,1
DA:130,1
DA:134,0
DA:135,0
DA:136,0
DA:137,0
DA:139,0
DA:148,0
DA:153,0
DA:158,2
LF:49
LH:38
BRDA:25,0,0,0
BRDA:25,0,1,3
BRDA:37,1,0,0
BRDA:37,1,1,1
BRDA:47,2,0,0
BRDA:47,2,1,1
BRDA:47,3,0,1
BRDA:47,3,1,1
BRDA:74,4,0,0
BRDA:74,4,1,1
BRDA:90,5,0,0
BRDA:90,5,1,1
BRDA:90,6,0,1
BRDA:90,6,1,1
BRDA:101,7,0,0
BRDA:101,7,1,1
BRDA:136,8,0,0
BRDA:136,8,1,0
BRF:18
BRH:10
end_of_record
TN:
SF:typedefs-resolvers/users.js
FN:26,(anonymous_0)
FN:39,(anonymous_1)
FN:54,(anonymous_2)
FN:64,(anonymous_3)
FNF:4
FNH:4
FNDA:1,(anonymous_0)
FNDA:1,(anonymous_1)
FNDA:1,(anonymous_2)
FNDA:1,(anonymous_3)
DA:1,2
DA:2,2
DA:3,2
DA:4,2
DA:5,2
DA:6,2
DA:8,2
DA:10,2
DA:24,2
DA:27,1
DA:28,1
DA:29,1
DA:30,2
DA:31,1
DA:34,0
DA:36,0
DA:40,1
DA:41,1
DA:42,1
DA:43,2
DA:44,2
DA:45,1
DA:46,1
DA:47,1
DA:50,0
DA:55,1
DA:56,1
DA:57,1
DA:58,1
DA:59,1
DA:64,1
DA:66,1
DA:71,2
LF:33
LH:30
BRDA:30,0,0,1
BRDA:30,0,1,1
BRDA:44,1,0,1
BRDA:44,1,1,1
BRDA:44,2,0,2
BRDA:44,2,1,2
BRDA:44,2,2,1
BRDA:58,3,0,1
BRDA:58,3,1,0
BRF:9
BRH:8
end_of_record
